[debug] [2022-05-22T19:44:23.405Z] ----------------------------------------------------------------------
[debug] [2022-05-22T19:44:23.407Z] Command:       C:\Program Files\nodejs\node.exe C:\Users\DCL\AppData\Roaming\npm\node_modules\firebase-tools\lib\bin\firebase.js init
[debug] [2022-05-22T19:44:23.408Z] CLI Version:   11.0.0
[debug] [2022-05-22T19:44:23.409Z] Platform:      win32
[debug] [2022-05-22T19:44:23.409Z] Node Version:  v16.13.1
[debug] [2022-05-22T19:44:23.410Z] Time:          Mon May 23 2022 01:44:23 GMT+0600 (Bangladesh Standard Time)
[debug] [2022-05-22T19:44:23.410Z] ----------------------------------------------------------------------
[debug] 
[debug] [2022-05-22T19:44:23.507Z] > command requires scopes: ["email","openid","https://www.googleapis.com/auth/cloudplatformprojects.readonly","https://www.googleapis.com/auth/firebase","https://www.googleapis.com/auth/cloud-platform"]
[debug] [2022-05-22T19:44:23.508Z] > authorizing via signed-in user (gazifahad3@gmail.com)
[info] 
     ######## #### ########  ######## ########     ###     ######  ########
     ##        ##  ##     ## ##       ##     ##  ##   ##  ##       ##
     ######    ##  ########  ######   ########  #########  ######  ######
     ##        ##  ##    ##  ##       ##     ## ##     ##       ## ##
     ##       #### ##     ## ######## ########  ##     ##  ######  ########

You're about to initialize a Firebase project in this directory:

  E:\assignment11\warehouse\FrontEnd

Before we get started, keep in mind:

  * You are initializing within an existing Firebase project directory

[info] 
=== Project Setup
[info] 
[info] First, let's associate this project directory with a Firebase project.
[info] You can create multiple project aliases by running firebase use --add, 
[info] but for now we'll just set up a default project.
[info] 
[debug] [2022-05-22T19:44:50.158Z] Using project from CLI flag: assignment-11-e31bf
[debug] [2022-05-22T19:44:50.161Z] >>> [apiv2][query] GET https://firebase.googleapis.com/v1beta1/projects/assignment-11-e31bf [none]
[debug] [2022-05-22T19:44:50.899Z] <<< [apiv2][status] GET https://firebase.googleapis.com/v1beta1/projects/assignment-11-e31bf 403
[debug] [2022-05-22T19:44:50.900Z] <<< [apiv2][body] GET https://firebase.googleapis.com/v1beta1/projects/assignment-11-e31bf {"error":{"code":403,"message":"The caller does not have permission","status":"PERMISSION_DENIED"}}
[debug] [2022-05-22T19:44:50.901Z] HTTP Error: 403, The caller does not have permission
[debug] [2022-05-22T19:44:51.275Z] FirebaseError: HTTP Error: 403, The caller does not have permission
    at module.exports (C:\Users\DCL\AppData\Roaming\npm\node_modules\firebase-tools\lib\responseToError.js:47:12)
    at RetryOperation._fn (C:\Users\DCL\AppData\Roaming\npm\node_modules\firebase-tools\lib\apiv2.js:286:39)
    at processTicksAndRejections (node:internal/process/task_queues:96:5)
[error] 
[error] Error: Failed to get Firebase project assignment-11-e31bf. Please make sure the project exists and your account has permission to access it.
